# JRE version: OpenJDK Runtime Environment (8.0_432-b06) (build 1.8.0_432-b06)
# Java VM: OpenJDK 64-Bit Server VM (25.432-b06 mixed mode windows-amd64 compressed oops)
Heap:
 PSYoungGen      total 75264K, used 19500K [0x000000076c400000, 0x0000000775700000, 0x00000007c0000000)
  eden space 64512K, 30% used [0x000000076c400000,0x000000076d70b1d8,0x0000000770300000)
  from space 10752K, 0% used [0x0000000770d80000,0x0000000770d80000,0x0000000771800000)
  to   space 10752K, 0% used [0x0000000770300000,0x0000000770300000,0x0000000770d80000)
 ParOldGen       total 151552K, used 66604K [0x00000006c4c00000, 0x00000006ce000000, 0x000000076c400000)
  object space 151552K, 43% used [0x00000006c4c00000,0x00000006c8d0b010,0x00000006ce000000)
 Metaspace       used 22706K, capacity 23654K, committed 23936K, reserved 1069056K
  class space    used 3083K, capacity 3348K, committed 3456K, reserved 1048576K
GC Heap History (6 events):
Event: 9.905 GC heap before
{Heap before GC invocations=1 (full 0):
 PSYoungGen      total 75264K, used 64512K [0x000000076c400000, 0x0000000771800000, 0x00000007c0000000)
  eden space 64512K, 100% used [0x000000076c400000,0x0000000770300000,0x0000000770300000)
  from space 10752K, 0% used [0x0000000770d80000,0x0000000770d80000,0x0000000771800000)
  to   space 10752K, 0% used [0x0000000770300000,0x0000000770300000,0x0000000770d80000)
 ParOldGen       total 172032K, used 56979K [0x00000006c4c00000, 0x00000006cf400000, 0x000000076c400000)
  object space 172032K, 33% used [0x00000006c4c00000,0x00000006c83a4e10,0x00000006cf400000)
 Metaspace       used 18848K, capacity 19548K, committed 19840K, reserved 1067008K
  class space    used 2655K, capacity 2853K, committed 2944K, reserved 1048576K
Event: 9.913 GC heap after
Heap after GC invocations=1 (full 0):
 PSYoungGen      total 75264K, used 10720K [0x000000076c400000, 0x0000000771800000, 0x00000007c0000000)
  eden space 64512K, 0% used [0x000000076c400000,0x000000076c400000,0x0000000770300000)
  from space 10752K, 99% used [0x0000000770300000,0x0000000770d782f8,0x0000000770d80000)
  to   space 10752K, 0% used [0x0000000770d80000,0x0000000770d80000,0x0000000771800000)
 ParOldGen       total 172032K, used 64318K [0x00000006c4c00000, 0x00000006cf400000, 0x000000076c400000)
  object space 172032K, 37% used [0x00000006c4c00000,0x00000006c8acf978,0x00000006cf400000)
 Metaspace       used 18848K, capacity 19548K, committed 19840K, reserved 1067008K
  class space    used 2655K, capacity 2853K, committed 2944K, reserved 1048576K
}
Event: 9.975 GC heap before
{Heap before GC invocations=2 (full 0):
 PSYoungGen      total 75264K, used 19214K [0x000000076c400000, 0x0000000771800000, 0x00000007c0000000)
  eden space 64512K, 13% used [0x000000076c400000,0x000000076cc4b760,0x0000000770300000)
  from space 10752K, 99% used [0x0000000770300000,0x0000000770d782f8,0x0000000770d80000)
  to   space 10752K, 0% used [0x0000000770d80000,0x0000000770d80000,0x0000000771800000)
 ParOldGen       total 172032K, used 64318K [0x00000006c4c00000, 0x00000006cf400000, 0x000000076c400000)
  object space 172032K, 37% used [0x00000006c4c00000,0x00000006c8acf978,0x00000006cf400000)
 Metaspace       used 20458K, capacity 21192K, committed 21248K, reserved 1067008K
  class space    used 2822K, capacity 3047K, committed 3072K, reserved 1048576K
Event: 9.979 GC heap after
Heap after GC invocations=2 (full 0):
 PSYoungGen      total 75264K, used 10738K [0x000000076c400000, 0x0000000775700000, 0x00000007c0000000)
  eden space 64512K, 0% used [0x000000076c400000,0x000000076c400000,0x0000000770300000)
  from space 10752K, 99% used [0x0000000770d80000,0x00000007717fcb10,0x0000000771800000)
  to   space 10752K, 0% used [0x0000000770300000,0x0000000770300000,0x0000000770d80000)
 ParOldGen       total 172032K, used 65189K [0x00000006c4c00000, 0x00000006cf400000, 0x000000076c400000)
  object space 172032K, 37% used [0x00000006c4c00000,0x00000006c8ba94a8,0x00000006cf400000)
 Metaspace       used 20458K, capacity 21192K, committed 21248K, reserved 1067008K
  class space    used 2822K, capacity 3047K, committed 3072K, reserved 1048576K
}
Event: 9.979 GC heap before
{Heap before GC invocations=3 (full 1):
 PSYoungGen      total 75264K, used 10738K [0x000000076c400000, 0x0000000775700000, 0x00000007c0000000)
  eden space 64512K, 0% used [0x000000076c400000,0x000000076c400000,0x0000000770300000)
  from space 10752K, 99% used [0x0000000770d80000,0x00000007717fcb10,0x0000000771800000)
  to   space 10752K, 0% used [0x0000000770300000,0x0000000770300000,0x0000000770d80000)
 ParOldGen       total 172032K, used 65189K [0x00000006c4c00000, 0x00000006cf400000, 0x000000076c400000)
  object space 172032K, 37% used [0x00000006c4c00000,0x00000006c8ba94a8,0x00000006cf400000)
 Metaspace       used 20458K, capacity 21192K, committed 21248K, reserved 1067008K
  class space    used 2822K, capacity 3047K, committed 3072K, reserved 1048576K
Event: 9.997 GC heap after
Heap after GC invocations=3 (full 1):
 PSYoungGen      total 75264K, used 0K [0x000000076c400000, 0x0000000775700000, 0x00000007c0000000)
  eden space 64512K, 0% used [0x000000076c400000,0x000000076c400000,0x0000000770300000)
  from space 10752K, 0% used [0x0000000770d80000,0x0000000770d80000,0x0000000771800000)
  to   space 10752K, 0% used [0x0000000770300000,0x0000000770300000,0x0000000770d80000)
 ParOldGen       total 151552K, used 66604K [0x00000006c4c00000, 0x00000006ce000000, 0x000000076c400000)
  object space 151552K, 43% used [0x00000006c4c00000,0x00000006c8d0b010,0x00000006ce000000)
 Metaspace       used 20458K, capacity 21192K, committed 21248K, reserved 1067008K
  class space    used 2822K, capacity 3047K, committed 3072K, reserved 1048576K
}

